\BOOKMARK [1][-]{section.1}{前言}{}% 1
\BOOKMARK [1][-]{section.2}{功能介绍}{}% 2
\BOOKMARK [2][-]{subsection.2.1}{邮箱登陆}{section.2}% 3
\BOOKMARK [2][-]{subsection.2.2}{发邮件}{section.2}% 4
\BOOKMARK [2][-]{subsection.2.3}{收邮件}{section.2}% 5
\BOOKMARK [1][-]{section.3}{功能的实现}{}% 6
\BOOKMARK [2][-]{subsection.3.1}{验证邮箱密码的实现}{section.3}% 7
\BOOKMARK [3][-]{subsubsection.3.1.1}{首先画一个登录界面}{subsection.3.1}% 8
\BOOKMARK [3][-]{subsubsection.3.1.2}{进行邮箱密码的验证}{subsection.3.1}% 9
\BOOKMARK [3][-]{subsubsection.3.1.3}{编写一个控制层}{subsection.3.1}% 10
\BOOKMARK [2][-]{subsection.3.2}{发邮件的实现}{section.3}% 11
\BOOKMARK [3][-]{subsubsection.3.2.1}{发邮件界面的实现}{subsection.3.2}% 12
\BOOKMARK [3][-]{subsubsection.3.2.2}{通过JavaMail来实现发送邮件的功能}{subsection.3.2}% 13
\BOOKMARK [3][-]{subsubsection.3.2.3}{编写一个控制层}{subsection.3.2}% 14
\BOOKMARK [2][-]{subsection.3.3}{收邮件的实现}{section.3}% 15
\BOOKMARK [3][-]{subsubsection.3.3.1}{写一个邮件列表的界面和一个邮件明细界面}{subsection.3.3}% 16
\BOOKMARK [3][-]{subsubsection.3.3.2}{通过JavaMail来进行邮件的接收}{subsection.3.3}% 17
\BOOKMARK [3][-]{subsubsection.3.3.3}{编写一个控制层}{subsection.3.3}% 18
\BOOKMARK [3][-]{subsubsection.3.3.4}{recyclerView的实现}{subsection.3.3}% 19
\BOOKMARK [3][-]{subsubsection.3.3.5}{显示邮件内容}{subsection.3.3}% 20
